<?xml version="1.0" encoding="UTF-8" ?>
<testsuite tests="4" failures="0" name="com.sybetech.business.frameworks.TicTacToeGameStateJMockitTest" time="0" errors="0" skipped="0">
  <properties>
[...]
</properties>
  <testcase classname="com.sybetech.business.frameworks.TicTacToeGameStateJMockitTest" name="whenSave_ThenInvokeMongoCollectionSaveAndReturnTrue" time="0"/>
  <testcase classname="com.sybetech.business.frameworks.TicTacToeGameStateJMockitTest" name="givenMongoException_WhenClear_ThenReturnFalse" time="0"/>
  <testcase classname="com.sybetech.business.frameworks.TicTacToeGameStateJMockitTest" name="givenMongoException_WhenSave_ThenReturnFalse" time="0"/>
  <testcase classname="com.sybetech.business.frameworks.TicTacToeGameStateJMockitTest" name="whenClear_ThenInvokeMongoCollectionDrop" time="0"/>
</testsuite>